{
  "stats": {
    "suites": 5,
    "tests": 13,
    "passes": 13,
    "pending": 0,
    "failures": 0,
    "start": "2020-12-20T21:38:15.582Z",
    "end": "2020-12-20T21:38:46.207Z",
    "duration": 30625,
    "testsRegistered": 13,
    "passPercent": 100,
    "pendingPercent": 0,
    "other": 0,
    "hasOther": false,
    "skipped": 0,
    "hasSkipped": false,
    "passPercentClass": "success",
    "pendingPercentClass": "danger"
  },
  "suites": {
    "uuid": "7ddd1241-47d4-4635-8cef-9e8c5ccd40d2",
    "title": "",
    "fullFile": "",
    "file": "",
    "beforeHooks": [],
    "afterHooks": [],
    "tests": [],
    "suites": [
      {
        "uuid": "72ddaac3-2c82-4ef3-bd9c-049200f7285c",
        "title": "the user can finalize purchase",
        "fullFile": "/home/test/Documents/sauceDemoAutomation/test/checkoutCompleteScreen.test.js",
        "file": "/test/checkoutCompleteScreen.test.js",
        "beforeHooks": [
          {
            "title": "\"before each\" hook",
            "fullTitle": "the user can finalize purchase \"before each\" hook",
            "timedOut": false,
            "duration": 941,
            "pass": false,
            "fail": false,
            "pending": false,
            "code": "page = new Page();\ndriver = page.driver;\nawait page.visit('https://www.saucedemo.com/');",
            "err": {},
            "isRoot": false,
            "uuid": "a0ebab9a-82dd-4199-b0c4-9ba57787c3ea",
            "isHook": true,
            "skipped": false
          }
        ],
        "afterHooks": [
          {
            "title": "\"after each\" hook",
            "fullTitle": "the user can finalize purchase \"after each\" hook",
            "timedOut": false,
            "duration": 53,
            "pass": false,
            "fail": false,
            "pending": false,
            "code": "await page.quit();",
            "err": {},
            "isRoot": false,
            "uuid": "8b8fa5a3-2164-426b-a5a6-8388cd4c5083",
            "isHook": true,
            "skipped": false
          }
        ],
        "tests": [
          {
            "title": "the user gets confirmation message after completing a purchase ",
            "fullTitle": "the user can finalize purchase the user gets confirmation message after completing a purchase ",
            "timedOut": false,
            "duration": 2610,
            "state": "passed",
            "speed": "slow",
            "pass": true,
            "fail": false,
            "pending": false,
            "code": "const result = await page.checkoutFinishedMessage();\nexpect(result).to.include('THANK YOU FOR YOUR ORDER');",
            "err": {},
            "isRoot": false,
            "uuid": "decf3992-5a1e-4de7-987c-b1d927dffd72",
            "isHook": false,
            "skipped": false
          }
        ],
        "suites": [],
        "passes": [
          "decf3992-5a1e-4de7-987c-b1d927dffd72"
        ],
        "failures": [],
        "pending": [],
        "skipped": [],
        "duration": 2610,
        "root": false,
        "rootEmpty": false,
        "_timeout": 50000
      },
      {
        "uuid": "f20fde4e-82e7-4cee-b85c-594c2889b91d",
        "title": "the user can successfully complete purchase",
        "fullFile": "/home/test/Documents/sauceDemoAutomation/test/checkoutOverviewScreen.test.js",
        "file": "/test/checkoutOverviewScreen.test.js",
        "beforeHooks": [
          {
            "title": "\"before each\" hook",
            "fullTitle": "the user can successfully complete purchase \"before each\" hook",
            "timedOut": false,
            "duration": 865,
            "pass": false,
            "fail": false,
            "pending": false,
            "code": "page = new Page();\ndriver = page.driver;\nawait page.visit('https://www.saucedemo.com/');",
            "err": {},
            "isRoot": false,
            "uuid": "c31be23e-39db-45af-8617-f6828b7e2f45",
            "isHook": true,
            "skipped": false
          }
        ],
        "afterHooks": [
          {
            "title": "\"after each\" hook",
            "fullTitle": "the user can successfully complete purchase \"after each\" hook",
            "timedOut": false,
            "duration": 53,
            "pass": false,
            "fail": false,
            "pending": false,
            "code": "await page.quit();",
            "err": {},
            "isRoot": false,
            "uuid": "c6715daf-e855-4c52-99dc-01286ded8c3d",
            "isHook": true,
            "skipped": false
          }
        ],
        "tests": [
          {
            "title": "the user can reach checkout overview screen",
            "fullTitle": "the user can successfully complete purchase the user can reach checkout overview screen",
            "timedOut": false,
            "duration": 2094,
            "state": "passed",
            "speed": "slow",
            "pass": true,
            "fail": false,
            "pending": false,
            "code": "const result = await page.checkoutOverviewScreenElements();\nexpect(result.cartQuantityEnabledFlag).to.equal(true);\nexpect(result.itemDescriptionEnabledFlag).to.equal(true);\nexpect(result.itemTotalEnabledFlag).to.equal(true);\nexpect(result.taxEnabledFlag).to.equal(true);\nexpect(result.totalPriceEnabledFlag).to.equal(true);\nexpect(result.finishButtonLabel).to.include('FINISH');",
            "err": {},
            "isRoot": false,
            "uuid": "4d3d5063-28d5-4416-bd8b-88fd8d727adb",
            "isHook": false,
            "skipped": false
          },
          {
            "title": "the user can complete checkout",
            "fullTitle": "the user can successfully complete purchase the user can complete checkout",
            "timedOut": false,
            "duration": 2371,
            "state": "passed",
            "speed": "slow",
            "pass": true,
            "fail": false,
            "pending": false,
            "code": "const result = await page.completeCheckout();\nexpect(result).to.include('THANK YOU FOR YOUR ORDER');",
            "err": {},
            "isRoot": false,
            "uuid": "9ed5ed53-7cb1-41c1-9cf6-54e842bc27a6",
            "isHook": false,
            "skipped": false
          }
        ],
        "suites": [],
        "passes": [
          "4d3d5063-28d5-4416-bd8b-88fd8d727adb",
          "9ed5ed53-7cb1-41c1-9cf6-54e842bc27a6"
        ],
        "failures": [],
        "pending": [],
        "skipped": [],
        "duration": 4465,
        "root": false,
        "rootEmpty": false,
        "_timeout": 50000
      },
      {
        "uuid": "1a2f03b3-4516-43de-be36-1cebebb2ad27",
        "title": "the user successfully adds a new product to cart",
        "fullFile": "/home/test/Documents/sauceDemoAutomation/test/homeScreen.test.js",
        "file": "/test/homeScreen.test.js",
        "beforeHooks": [
          {
            "title": "\"before each\" hook",
            "fullTitle": "the user successfully adds a new product to cart \"before each\" hook",
            "timedOut": false,
            "duration": 859,
            "pass": false,
            "fail": false,
            "pending": false,
            "code": "page = new Page();\ndriver = page.driver;\nawait page.visit('https://www.saucedemo.com/');",
            "err": {},
            "isRoot": false,
            "uuid": "82a3d60d-867a-4c98-9b39-a64beba4b3bd",
            "isHook": true,
            "skipped": false
          }
        ],
        "afterHooks": [
          {
            "title": "\"after each\" hook",
            "fullTitle": "the user successfully adds a new product to cart \"after each\" hook",
            "timedOut": false,
            "duration": 55,
            "pass": false,
            "fail": false,
            "pending": false,
            "code": "await page.quit();",
            "err": {},
            "isRoot": false,
            "uuid": "467ce7c1-5484-4bab-b074-0e24aa506192",
            "isHook": true,
            "skipped": false
          }
        ],
        "tests": [
          {
            "title": "the user can reach home screen after successful login",
            "fullTitle": "the user successfully adds a new product to cart the user can reach home screen after successful login",
            "timedOut": false,
            "duration": 1053,
            "state": "passed",
            "speed": "slow",
            "pass": true,
            "fail": false,
            "pending": false,
            "code": "const result2 = await page.findProductDetailsAndButton();\nexpect(result2.titleEnabled).to.equal(true);\nexpect(result2.descriptionEnabled).to.equal(true);\nexpect(result2.priceEnabled).to.equal(true);\nexpect(result2.buttonAddText).to.include('ADD TO CART');",
            "err": {},
            "isRoot": false,
            "uuid": "67e27658-cad9-4bff-bbfb-5a04afb8172e",
            "isHook": false,
            "skipped": false
          },
          {
            "title": "the user can add a product to the shopping cart",
            "fullTitle": "the user successfully adds a new product to cart the user can add a product to the shopping cart",
            "timedOut": false,
            "duration": 1208,
            "state": "passed",
            "speed": "slow",
            "pass": true,
            "fail": false,
            "pending": false,
            "code": "const result = await page.addToShoppingCart();\nexpect(result.bubbleEnabled).to.equal(true);\nexpect(result.removeButtonText).to.include('REMOVE');",
            "err": {},
            "isRoot": false,
            "uuid": "a016834d-dea8-494c-a0a2-5721b81a9faa",
            "isHook": false,
            "skipped": false
          },
          {
            "title": "the user can remove a product from the shopping cart",
            "fullTitle": "the user successfully adds a new product to cart the user can remove a product from the shopping cart",
            "timedOut": false,
            "duration": 1290,
            "state": "passed",
            "speed": "slow",
            "pass": true,
            "fail": false,
            "pending": false,
            "code": "const result1 = await page.removeFromShoppingCart();\nexpect(result1).to.include('ADD TO CART');",
            "err": {},
            "isRoot": false,
            "uuid": "54c326ae-85f3-4b6f-a4ab-37fda043aa3c",
            "isHook": false,
            "skipped": false
          },
          {
            "title": "the user can view product details after clicking on a product name",
            "fullTitle": "the user successfully adds a new product to cart the user can view product details after clicking on a product name",
            "timedOut": false,
            "duration": 1219,
            "state": "passed",
            "speed": "slow",
            "pass": true,
            "fail": false,
            "pending": false,
            "code": "const result1 = await page.viewProductDetails();\nexpect(result1).to.include('Back');",
            "err": {},
            "isRoot": false,
            "uuid": "488ca3bc-f6dd-4e12-af05-8458d30380dd",
            "isHook": false,
            "skipped": false
          }
        ],
        "suites": [],
        "passes": [
          "67e27658-cad9-4bff-bbfb-5a04afb8172e",
          "a016834d-dea8-494c-a0a2-5721b81a9faa",
          "54c326ae-85f3-4b6f-a4ab-37fda043aa3c",
          "488ca3bc-f6dd-4e12-af05-8458d30380dd"
        ],
        "failures": [],
        "pending": [],
        "skipped": [],
        "duration": 4770,
        "root": false,
        "rootEmpty": false,
        "_timeout": 50000
      },
      {
        "uuid": "f15a81e2-08e9-4165-8301-df08bad8bd4f",
        "title": "the user successfully login to the swag labs page ",
        "fullFile": "/home/test/Documents/sauceDemoAutomation/test/loginScreen.test.js",
        "file": "/test/loginScreen.test.js",
        "beforeHooks": [
          {
            "title": "\"before each\" hook",
            "fullTitle": "the user successfully login to the swag labs page  \"before each\" hook",
            "timedOut": false,
            "duration": 797,
            "pass": false,
            "fail": false,
            "pending": false,
            "code": "page = new Page();\ndriver = page.driver;\nawait page.visit('https://www.saucedemo.com/');",
            "err": {},
            "isRoot": false,
            "uuid": "b0eeb4f0-552f-4540-ab44-e027e457823e",
            "isHook": true,
            "skipped": false
          }
        ],
        "afterHooks": [
          {
            "title": "\"after each\" hook",
            "fullTitle": "the user successfully login to the swag labs page  \"after each\" hook",
            "timedOut": false,
            "duration": 56,
            "pass": false,
            "fail": false,
            "pending": false,
            "code": "await page.quit();",
            "err": {},
            "isRoot": false,
            "uuid": "95986ce5-5b63-4084-88d0-d669942bc45d",
            "isHook": true,
            "skipped": false
          }
        ],
        "tests": [
          {
            "title": "the user successfully launches the app",
            "fullTitle": "the user successfully login to the swag labs page  the user successfully launches the app",
            "timedOut": false,
            "duration": 98,
            "state": "passed",
            "speed": "slow",
            "pass": true,
            "fail": false,
            "pending": false,
            "code": "const result = await page.findUsernamePasswordAndButton();\nexpect(result.inputUsernameEnabled).to.equal(true);\nexpect(result.inputPasswordEnabled).to.equal(true);\nexpect(result.buttonText).to.include('LOGIN');",
            "err": {},
            "isRoot": false,
            "uuid": "3539576a-ba38-4955-959e-6b5d8ce44418",
            "isHook": false,
            "skipped": false
          },
          {
            "title": "the user enters valid credentials and clicks login button",
            "fullTitle": "the user successfully login to the swag labs page  the user enters valid credentials and clicks login button",
            "timedOut": false,
            "duration": 993,
            "state": "passed",
            "speed": "slow",
            "pass": true,
            "fail": false,
            "pending": false,
            "code": "const result1 = await page.submitCredentialsAndGetResult();\n                expect(result1).to.equal(true);",
            "err": {},
            "isRoot": false,
            "uuid": "a154fac1-58e0-48c0-9c76-af0cf70c4d28",
            "isHook": false,
            "skipped": false
          },
          {
            "title": "the user can logout successfully",
            "fullTitle": "the user successfully login to the swag labs page  the user can logout successfully",
            "timedOut": false,
            "duration": 1256,
            "state": "passed",
            "speed": "slow",
            "pass": true,
            "fail": false,
            "pending": false,
            "code": "const result = await page.logoutApp();\nexpect(result).to.equal(true);",
            "err": {},
            "isRoot": false,
            "uuid": "1197a77c-d6a2-488d-a029-201393840ec5",
            "isHook": false,
            "skipped": false
          }
        ],
        "suites": [],
        "passes": [
          "3539576a-ba38-4955-959e-6b5d8ce44418",
          "a154fac1-58e0-48c0-9c76-af0cf70c4d28",
          "1197a77c-d6a2-488d-a029-201393840ec5"
        ],
        "failures": [],
        "pending": [],
        "skipped": [],
        "duration": 2347,
        "root": false,
        "rootEmpty": false,
        "_timeout": 50000
      },
      {
        "uuid": "666f5d1b-9a53-4dfe-a901-fe5c6b9ef0ed",
        "title": "the user can successfully proceed to check out",
        "fullFile": "/home/test/Documents/sauceDemoAutomation/test/proceedToCheckoutScreen.test.js",
        "file": "/test/proceedToCheckoutScreen.test.js",
        "beforeHooks": [
          {
            "title": "\"before each\" hook",
            "fullTitle": "the user can successfully proceed to check out \"before each\" hook",
            "timedOut": false,
            "duration": 849,
            "pass": false,
            "fail": false,
            "pending": false,
            "code": "page = new Page();\ndriver = page.driver;\nawait page.visit('https://www.saucedemo.com/');",
            "err": {},
            "isRoot": false,
            "uuid": "5c36b32d-5503-4aa9-8e92-57566950aa00",
            "isHook": true,
            "skipped": false
          }
        ],
        "afterHooks": [
          {
            "title": "\"after each\" hook",
            "fullTitle": "the user can successfully proceed to check out \"after each\" hook",
            "timedOut": false,
            "duration": 55,
            "pass": false,
            "fail": false,
            "pending": false,
            "code": "await page.quit();",
            "err": {},
            "isRoot": false,
            "uuid": "f4180d2f-ed12-4567-9231-3f6824a765af",
            "isHook": true,
            "skipped": false
          }
        ],
        "tests": [
          {
            "title": "the user can reach proceed to checkout screen",
            "fullTitle": "the user can successfully proceed to check out the user can reach proceed to checkout screen",
            "timedOut": false,
            "duration": 1582,
            "state": "passed",
            "speed": "slow",
            "pass": true,
            "fail": false,
            "pending": false,
            "code": "const result = await page.reachProceedCheckoutScreen();\nexpect(result).to.include('CONTINUE');",
            "err": {},
            "isRoot": false,
            "uuid": "05a36303-8164-41fc-8bdc-0b4c97460b56",
            "isHook": false,
            "skipped": false
          },
          {
            "title": "the user sees all elements on proceed to checkout screen",
            "fullTitle": "the user can successfully proceed to check out the user sees all elements on proceed to checkout screen",
            "timedOut": false,
            "duration": 1543,
            "state": "passed",
            "speed": "slow",
            "pass": true,
            "fail": false,
            "pending": false,
            "code": "const result = await page.checkoutYourInfomation();\nexpect(result.inputFirstNameEnabled).to.equal(true);\nexpect(result.inputLastNameEnabled).to.equal(true);\nexpect(result.zipPostEnabled).to.equal(true);\nexpect(result.continueBtnText).to.include('CONTINUE');",
            "err": {},
            "isRoot": false,
            "uuid": "50e83123-3c35-4a1a-9edd-00e61639bfab",
            "isHook": false,
            "skipped": false
          },
          {
            "title": "the user can proceed to checkout after introducing his names and postal code",
            "fullTitle": "the user can successfully proceed to check out the user can proceed to checkout after introducing his names and postal code",
            "timedOut": false,
            "duration": 1907,
            "state": "passed",
            "speed": "slow",
            "pass": true,
            "fail": false,
            "pending": false,
            "code": "const result = await page.addNamesZipPostClickContinueBtn();\nexpect(result).to.include('FINISH');",
            "err": {},
            "isRoot": false,
            "uuid": "e794de66-bb7f-4902-b058-21798956a180",
            "isHook": false,
            "skipped": false
          }
        ],
        "suites": [],
        "passes": [
          "05a36303-8164-41fc-8bdc-0b4c97460b56",
          "50e83123-3c35-4a1a-9edd-00e61639bfab",
          "e794de66-bb7f-4902-b058-21798956a180"
        ],
        "failures": [],
        "pending": [],
        "skipped": [],
        "duration": 5032,
        "root": false,
        "rootEmpty": false,
        "_timeout": 50000
      }
    ],
    "passes": [],
    "failures": [],
    "pending": [],
    "skipped": [],
    "duration": 0,
    "root": true,
    "rootEmpty": true,
    "_timeout": 90000
  },
  "copyrightYear": 2020
}